2024-07-16T16:20:12.503+03:00  INFO 11232 --- [public-api] [main] b.i.d.publicapi.PublicApiApplication     : Starting PublicApiApplication using Java 19.0.2 with PID 11232 (E:\party-spring\party-web\project-manager\public-api\target\classes started by tende in E:\party-spring\party-web\project-manager)
2024-07-16T16:20:12.512+03:00  INFO 11232 --- [public-api] [main] b.i.d.publicapi.PublicApiApplication     : No active profile set, falling back to 1 default profile: "default"
2024-07-16T16:20:14.067+03:00  INFO 11232 --- [public-api] [main] .s.d.r.c.RepositoryConfigurationDelegate : Multiple Spring Data modules found, entering strict repository configuration mode
2024-07-16T16:20:14.067+03:00  INFO 11232 --- [public-api] [main] .s.d.r.c.RepositoryConfigurationDelegate : Bootstrapping Spring Data JPA repositories in DEFAULT mode.
2024-07-16T16:20:14.427+03:00  INFO 11232 --- [public-api] [main] .s.d.r.c.RepositoryConfigurationDelegate : Finished Spring Data repository scanning in 330 ms. Found 10 JPA repository interfaces.
2024-07-16T16:20:14.431+03:00  INFO 11232 --- [public-api] [main] .s.d.r.c.RepositoryConfigurationDelegate : Multiple Spring Data modules found, entering strict repository configuration mode
2024-07-16T16:20:14.431+03:00  INFO 11232 --- [public-api] [main] .s.d.r.c.RepositoryConfigurationDelegate : Bootstrapping Spring Data Redis repositories in DEFAULT mode.
2024-07-16T16:20:14.452+03:00  INFO 11232 --- [public-api] [main] .s.d.r.c.RepositoryConfigurationDelegate : Finished Spring Data repository scanning in 2 ms. Found 0 Redis repository interfaces.
2024-07-16T16:20:15.030+03:00  INFO 11232 --- [public-api] [main] .s.d.r.c.RepositoryConfigurationDelegate : Multiple Spring Data modules found, entering strict repository configuration mode
2024-07-16T16:20:15.031+03:00  INFO 11232 --- [public-api] [main] .s.d.r.c.RepositoryConfigurationDelegate : Bootstrapping Spring Data Redis repositories in DEFAULT mode.
2024-07-16T16:20:15.063+03:00  INFO 11232 --- [public-api] [main] .s.d.r.c.RepositoryConfigurationDelegate : Finished Spring Data repository scanning in 31 ms. Found 0 Redis repository interfaces.
2024-07-16T16:20:16.771+03:00  INFO 11232 --- [public-api] [main] o.s.b.w.embedded.tomcat.TomcatWebServer  : Tomcat initialized with port 8080 (http)
2024-07-16T16:20:16.805+03:00  INFO 11232 --- [public-api] [main] o.apache.catalina.core.StandardService   : Starting service [Tomcat]
2024-07-16T16:20:16.806+03:00  INFO 11232 --- [public-api] [main] o.apache.catalina.core.StandardEngine    : Starting Servlet engine: [Apache Tomcat/10.1.25]
2024-07-16T16:20:16.966+03:00  INFO 11232 --- [public-api] [main] o.a.c.c.C.[Tomcat].[localhost].[/]       : Initializing Spring embedded WebApplicationContext
2024-07-16T16:20:16.967+03:00  INFO 11232 --- [public-api] [main] w.s.c.ServletWebServerApplicationContext : Root WebApplicationContext: initialization completed in 4339 ms
2024-07-16T16:20:17.358+03:00  INFO 11232 --- [public-api] [main] o.hibernate.jpa.internal.util.LogHelper  : HHH000204: Processing PersistenceUnitInfo [name: default]
2024-07-16T16:20:17.539+03:00  INFO 11232 --- [public-api] [main] org.hibernate.Version                    : HHH000412: Hibernate ORM core version 6.5.2.Final
2024-07-16T16:20:17.651+03:00  INFO 11232 --- [public-api] [main] o.h.c.internal.RegionFactoryInitiator    : HHH000026: Second-level cache disabled
2024-07-16T16:20:18.594+03:00  INFO 11232 --- [public-api] [main] o.s.o.j.p.SpringPersistenceUnitInfo      : No LoadTimeWeaver setup: ignoring JPA class transformer
2024-07-16T16:20:18.646+03:00  INFO 11232 --- [public-api] [main] com.zaxxer.hikari.HikariDataSource       : HikariPool-1 - Starting...
2024-07-16T16:20:18.996+03:00  INFO 11232 --- [public-api] [main] com.zaxxer.hikari.pool.HikariPool        : HikariPool-1 - Added connection org.postgresql.jdbc.PgConnection@1c7843c3
2024-07-16T16:20:19.001+03:00  INFO 11232 --- [public-api] [main] com.zaxxer.hikari.HikariDataSource       : HikariPool-1 - Start completed.
2024-07-16T16:20:21.514+03:00  INFO 11232 --- [public-api] [main] o.h.e.t.j.p.i.JtaPlatformInitiator       : HHH000489: No JTA platform available (set 'hibernate.transaction.jta.platform' to enable JTA platform integration)
2024-07-16T16:20:21.846+03:00  INFO 11232 --- [public-api] [main] j.LocalContainerEntityManagerFactoryBean : Initialized JPA EntityManagerFactory for persistence unit 'default'
2024-07-16T16:20:23.685+03:00  INFO 11232 --- [public-api] [main] o.s.b.w.embedded.tomcat.TomcatWebServer  : Tomcat started on port 8080 (http) with context path '/'
2024-07-16T16:20:23.723+03:00  WARN 11232 --- [public-api] [main] JpaBaseConfiguration$JpaWebConfiguration : spring.jpa.open-in-view is enabled by default. Therefore, database queries may be performed during view rendering. Explicitly configure spring.jpa.open-in-view to disable this warning
2024-07-16T16:20:24.760+03:00  INFO 11232 --- [public-api] [main] b.i.d.publicapi.PublicApiApplication     : Started PublicApiApplication in 13.74 seconds (process running for 15.014)
2024-07-16T16:20:29.576+03:00  INFO 11232 --- [public-api] [http-nio-8080-exec-2] o.a.c.c.C.[Tomcat].[localhost].[/]       : Initializing Spring DispatcherServlet 'dispatcherServlet'
2024-07-16T16:20:29.577+03:00  INFO 11232 --- [public-api] [http-nio-8080-exec-2] o.s.web.servlet.DispatcherServlet        : Initializing Servlet 'dispatcherServlet'
2024-07-16T16:20:29.911+03:00  INFO 11232 --- [public-api] [http-nio-8080-exec-2] o.s.web.servlet.DispatcherServlet        : Completed initialization in 334 ms
2024-07-16T16:21:01.913+03:00  INFO 11232 --- [public-api] [SpringApplicationShutdownHook] j.LocalContainerEntityManagerFactoryBean : Closing JPA EntityManagerFactory for persistence unit 'default'
2024-07-16T16:21:01.921+03:00  INFO 11232 --- [public-api] [SpringApplicationShutdownHook] com.zaxxer.hikari.HikariDataSource       : HikariPool-1 - Shutdown initiated...
2024-07-16T16:21:01.972+03:00  INFO 11232 --- [public-api] [SpringApplicationShutdownHook] com.zaxxer.hikari.HikariDataSource       : HikariPool-1 - Shutdown completed.
2024-07-16T16:21:10.381+03:00  INFO 1420 --- [public-api] [main] b.i.d.publicapi.PublicApiApplication     : Starting PublicApiApplication using Java 19.0.2 with PID 1420 (E:\party-spring\party-web\project-manager\public-api\target\classes started by tende in E:\party-spring\party-web\project-manager)
2024-07-16T16:21:10.393+03:00  INFO 1420 --- [public-api] [main] b.i.d.publicapi.PublicApiApplication     : No active profile set, falling back to 1 default profile: "default"
2024-07-16T16:21:12.106+03:00  INFO 1420 --- [public-api] [main] .s.d.r.c.RepositoryConfigurationDelegate : Multiple Spring Data modules found, entering strict repository configuration mode
2024-07-16T16:21:12.107+03:00  INFO 1420 --- [public-api] [main] .s.d.r.c.RepositoryConfigurationDelegate : Bootstrapping Spring Data JPA repositories in DEFAULT mode.
2024-07-16T16:21:12.445+03:00  INFO 1420 --- [public-api] [main] .s.d.r.c.RepositoryConfigurationDelegate : Finished Spring Data repository scanning in 316 ms. Found 10 JPA repository interfaces.
2024-07-16T16:21:12.449+03:00  INFO 1420 --- [public-api] [main] .s.d.r.c.RepositoryConfigurationDelegate : Multiple Spring Data modules found, entering strict repository configuration mode
2024-07-16T16:21:12.449+03:00  INFO 1420 --- [public-api] [main] .s.d.r.c.RepositoryConfigurationDelegate : Bootstrapping Spring Data Redis repositories in DEFAULT mode.
2024-07-16T16:21:12.468+03:00  INFO 1420 --- [public-api] [main] .s.d.r.c.RepositoryConfigurationDelegate : Finished Spring Data repository scanning in 2 ms. Found 0 Redis repository interfaces.
2024-07-16T16:21:13.052+03:00  INFO 1420 --- [public-api] [main] .s.d.r.c.RepositoryConfigurationDelegate : Multiple Spring Data modules found, entering strict repository configuration mode
2024-07-16T16:21:13.053+03:00  INFO 1420 --- [public-api] [main] .s.d.r.c.RepositoryConfigurationDelegate : Bootstrapping Spring Data Redis repositories in DEFAULT mode.
2024-07-16T16:21:13.077+03:00  INFO 1420 --- [public-api] [main] .s.d.r.c.RepositoryConfigurationDelegate : Finished Spring Data repository scanning in 23 ms. Found 0 Redis repository interfaces.
2024-07-16T16:21:14.917+03:00  INFO 1420 --- [public-api] [main] o.s.b.w.embedded.tomcat.TomcatWebServer  : Tomcat initialized with port 8080 (http)
2024-07-16T16:21:14.943+03:00  INFO 1420 --- [public-api] [main] o.apache.catalina.core.StandardService   : Starting service [Tomcat]
2024-07-16T16:21:14.943+03:00  INFO 1420 --- [public-api] [main] o.apache.catalina.core.StandardEngine    : Starting Servlet engine: [Apache Tomcat/10.1.25]
2024-07-16T16:21:15.101+03:00  INFO 1420 --- [public-api] [main] o.a.c.c.C.[Tomcat].[localhost].[/]       : Initializing Spring embedded WebApplicationContext
2024-07-16T16:21:15.102+03:00  INFO 1420 --- [public-api] [main] w.s.c.ServletWebServerApplicationContext : Root WebApplicationContext: initialization completed in 4542 ms
2024-07-16T16:21:15.605+03:00  INFO 1420 --- [public-api] [main] o.hibernate.jpa.internal.util.LogHelper  : HHH000204: Processing PersistenceUnitInfo [name: default]
2024-07-16T16:21:15.808+03:00  INFO 1420 --- [public-api] [main] org.hibernate.Version                    : HHH000412: Hibernate ORM core version 6.5.2.Final
2024-07-16T16:21:15.911+03:00  INFO 1420 --- [public-api] [main] o.h.c.internal.RegionFactoryInitiator    : HHH000026: Second-level cache disabled
2024-07-16T16:21:16.760+03:00  INFO 1420 --- [public-api] [main] o.s.o.j.p.SpringPersistenceUnitInfo      : No LoadTimeWeaver setup: ignoring JPA class transformer
2024-07-16T16:21:16.836+03:00  INFO 1420 --- [public-api] [main] com.zaxxer.hikari.HikariDataSource       : HikariPool-1 - Starting...
2024-07-16T16:21:17.450+03:00  INFO 1420 --- [public-api] [main] com.zaxxer.hikari.pool.HikariPool        : HikariPool-1 - Added connection org.postgresql.jdbc.PgConnection@5273143e
2024-07-16T16:21:17.455+03:00  INFO 1420 --- [public-api] [main] com.zaxxer.hikari.HikariDataSource       : HikariPool-1 - Start completed.
2024-07-16T16:21:20.734+03:00  INFO 1420 --- [public-api] [main] o.h.e.t.j.p.i.JtaPlatformInitiator       : HHH000489: No JTA platform available (set 'hibernate.transaction.jta.platform' to enable JTA platform integration)
2024-07-16T16:21:21.077+03:00  INFO 1420 --- [public-api] [main] j.LocalContainerEntityManagerFactoryBean : Initialized JPA EntityManagerFactory for persistence unit 'default'
2024-07-16T16:21:23.010+03:00  INFO 1420 --- [public-api] [main] o.s.b.w.embedded.tomcat.TomcatWebServer  : Tomcat started on port 8080 (http) with context path '/'
2024-07-16T16:21:23.051+03:00  WARN 1420 --- [public-api] [main] JpaBaseConfiguration$JpaWebConfiguration : spring.jpa.open-in-view is enabled by default. Therefore, database queries may be performed during view rendering. Explicitly configure spring.jpa.open-in-view to disable this warning
2024-07-16T16:21:24.202+03:00  INFO 1420 --- [public-api] [main] b.i.d.publicapi.PublicApiApplication     : Started PublicApiApplication in 15.372 seconds (process running for 16.459)
2024-07-16T16:21:28.407+03:00  INFO 1420 --- [public-api] [http-nio-8080-exec-1] o.a.c.c.C.[Tomcat].[localhost].[/]       : Initializing Spring DispatcherServlet 'dispatcherServlet'
2024-07-16T16:21:28.408+03:00  INFO 1420 --- [public-api] [http-nio-8080-exec-1] o.s.web.servlet.DispatcherServlet        : Initializing Servlet 'dispatcherServlet'
2024-07-16T16:21:29.059+03:00  INFO 1420 --- [public-api] [http-nio-8080-exec-1] o.s.web.servlet.DispatcherServlet        : Completed initialization in 650 ms
2024-07-16T16:24:40.342+03:00  INFO 1420 --- [public-api] [http-nio-8080-exec-4] b.i.d.publicapi.service.PersonService    : abracadabra has just reset password
2024-07-16T16:24:52.256+03:00  INFO 1420 --- [public-api] [http-nio-8080-exec-6] b.i.d.publicapi.service.PersonService    : abracadabra has just reset password
2024-07-16T16:25:14.870+03:00 ERROR 1420 --- [public-api] [http-nio-8080-exec-9] o.a.c.c.C.[.[.[/].[dispatcherServlet]    : Servlet.service() for servlet [dispatcherServlet] in context with path [] threw exception [Request processing failed: java.lang.IllegalArgumentException: rawPassword cannot be null] with root cause

java.lang.IllegalArgumentException: rawPassword cannot be null
	at org.springframework.security.crypto.bcrypt.BCryptPasswordEncoder.matches(BCryptPasswordEncoder.java:123) ~[spring-security-crypto-6.3.1.jar:6.3.1]
	at by.intexsoft.diplom.publicapi.service.PersonService.doPasswordsMatch(PersonService.java:99) ~[classes/:na]
	at by.intexsoft.diplom.publicapi.service.PersonService.resetPassword(PersonService.java:38) ~[classes/:na]
	at by.intexsoft.diplom.publicapi.controller.PersonController.resetPassword(PersonController.java:24) ~[classes/:na]
	at java.base/jdk.internal.reflect.DirectMethodHandleAccessor.invoke(DirectMethodHandleAccessor.java:104) ~[na:na]
	at java.base/java.lang.reflect.Method.invoke(Method.java:578) ~[na:na]
	at org.springframework.web.method.support.InvocableHandlerMethod.doInvoke(InvocableHandlerMethod.java:255) ~[spring-web-6.1.10.jar:6.1.10]
	at org.springframework.web.method.support.InvocableHandlerMethod.invokeForRequest(InvocableHandlerMethod.java:188) ~[spring-web-6.1.10.jar:6.1.10]
	at org.springframework.web.servlet.mvc.method.annotation.ServletInvocableHandlerMethod.invokeAndHandle(ServletInvocableHandlerMethod.java:118) ~[spring-webmvc-6.1.10.jar:6.1.10]
	at org.springframework.web.servlet.mvc.method.annotation.RequestMappingHandlerAdapter.invokeHandlerMethod(RequestMappingHandlerAdapter.java:926) ~[spring-webmvc-6.1.10.jar:6.1.10]
	at org.springframework.web.servlet.mvc.method.annotation.RequestMappingHandlerAdapter.handleInternal(RequestMappingHandlerAdapter.java:831) ~[spring-webmvc-6.1.10.jar:6.1.10]
	at org.springframework.web.servlet.mvc.method.AbstractHandlerMethodAdapter.handle(AbstractHandlerMethodAdapter.java:87) ~[spring-webmvc-6.1.10.jar:6.1.10]
	at org.springframework.web.servlet.DispatcherServlet.doDispatch(DispatcherServlet.java:1089) ~[spring-webmvc-6.1.10.jar:6.1.10]
	at org.springframework.web.servlet.DispatcherServlet.doService(DispatcherServlet.java:979) ~[spring-webmvc-6.1.10.jar:6.1.10]
	at org.springframework.web.servlet.FrameworkServlet.processRequest(FrameworkServlet.java:1014) ~[spring-webmvc-6.1.10.jar:6.1.10]
	at org.springframework.web.servlet.FrameworkServlet.doPut(FrameworkServlet.java:925) ~[spring-webmvc-6.1.10.jar:6.1.10]
	at jakarta.servlet.http.HttpServlet.service(HttpServlet.java:593) ~[tomcat-embed-core-10.1.25.jar:6.0]
	at org.springframework.web.servlet.FrameworkServlet.service(FrameworkServlet.java:885) ~[spring-webmvc-6.1.10.jar:6.1.10]
	at jakarta.servlet.http.HttpServlet.service(HttpServlet.java:658) ~[tomcat-embed-core-10.1.25.jar:6.0]
	at org.apache.catalina.core.ApplicationFilterChain.internalDoFilter(ApplicationFilterChain.java:195) ~[tomcat-embed-core-10.1.25.jar:10.1.25]
	at org.apache.catalina.core.ApplicationFilterChain.doFilter(ApplicationFilterChain.java:140) ~[tomcat-embed-core-10.1.25.jar:10.1.25]
	at org.apache.tomcat.websocket.server.WsFilter.doFilter(WsFilter.java:51) ~[tomcat-embed-websocket-10.1.25.jar:10.1.25]
	at org.apache.catalina.core.ApplicationFilterChain.internalDoFilter(ApplicationFilterChain.java:164) ~[tomcat-embed-core-10.1.25.jar:10.1.25]
	at org.apache.catalina.core.ApplicationFilterChain.doFilter(ApplicationFilterChain.java:140) ~[tomcat-embed-core-10.1.25.jar:10.1.25]
	at org.springframework.web.filter.RequestContextFilter.doFilterInternal(RequestContextFilter.java:100) ~[spring-web-6.1.10.jar:6.1.10]
	at org.springframework.web.filter.OncePerRequestFilter.doFilter(OncePerRequestFilter.java:116) ~[spring-web-6.1.10.jar:6.1.10]
	at org.apache.catalina.core.ApplicationFilterChain.internalDoFilter(ApplicationFilterChain.java:164) ~[tomcat-embed-core-10.1.25.jar:10.1.25]
	at org.apache.catalina.core.ApplicationFilterChain.doFilter(ApplicationFilterChain.java:140) ~[tomcat-embed-core-10.1.25.jar:10.1.25]
	at org.springframework.web.filter.FormContentFilter.doFilterInternal(FormContentFilter.java:93) ~[spring-web-6.1.10.jar:6.1.10]
	at org.springframework.web.filter.OncePerRequestFilter.doFilter(OncePerRequestFilter.java:116) ~[spring-web-6.1.10.jar:6.1.10]
	at org.apache.catalina.core.ApplicationFilterChain.internalDoFilter(ApplicationFilterChain.java:164) ~[tomcat-embed-core-10.1.25.jar:10.1.25]
	at org.apache.catalina.core.ApplicationFilterChain.doFilter(ApplicationFilterChain.java:140) ~[tomcat-embed-core-10.1.25.jar:10.1.25]
	at org.springframework.web.filter.CharacterEncodingFilter.doFilterInternal(CharacterEncodingFilter.java:201) ~[spring-web-6.1.10.jar:6.1.10]
	at org.springframework.web.filter.OncePerRequestFilter.doFilter(OncePerRequestFilter.java:116) ~[spring-web-6.1.10.jar:6.1.10]
	at org.apache.catalina.core.ApplicationFilterChain.internalDoFilter(ApplicationFilterChain.java:164) ~[tomcat-embed-core-10.1.25.jar:10.1.25]
	at org.apache.catalina.core.ApplicationFilterChain.doFilter(ApplicationFilterChain.java:140) ~[tomcat-embed-core-10.1.25.jar:10.1.25]
	at org.apache.catalina.core.StandardWrapperValve.invoke(StandardWrapperValve.java:167) ~[tomcat-embed-core-10.1.25.jar:10.1.25]
	at org.apache.catalina.core.StandardContextValve.invoke(StandardContextValve.java:90) ~[tomcat-embed-core-10.1.25.jar:10.1.25]
	at org.apache.catalina.authenticator.AuthenticatorBase.invoke(AuthenticatorBase.java:482) ~[tomcat-embed-core-10.1.25.jar:10.1.25]
	at org.apache.catalina.core.StandardHostValve.invoke(StandardHostValve.java:115) ~[tomcat-embed-core-10.1.25.jar:10.1.25]
	at org.apache.catalina.valves.ErrorReportValve.invoke(ErrorReportValve.java:93) ~[tomcat-embed-core-10.1.25.jar:10.1.25]
	at org.apache.catalina.core.StandardEngineValve.invoke(StandardEngineValve.java:74) ~[tomcat-embed-core-10.1.25.jar:10.1.25]
	at org.apache.catalina.connector.CoyoteAdapter.service(CoyoteAdapter.java:344) ~[tomcat-embed-core-10.1.25.jar:10.1.25]
	at org.apache.coyote.http11.Http11Processor.service(Http11Processor.java:389) ~[tomcat-embed-core-10.1.25.jar:10.1.25]
	at org.apache.coyote.AbstractProcessorLight.process(AbstractProcessorLight.java:63) ~[tomcat-embed-core-10.1.25.jar:10.1.25]
	at org.apache.coyote.AbstractProtocol$ConnectionHandler.process(AbstractProtocol.java:904) ~[tomcat-embed-core-10.1.25.jar:10.1.25]
	at org.apache.tomcat.util.net.NioEndpoint$SocketProcessor.doRun(NioEndpoint.java:1741) ~[tomcat-embed-core-10.1.25.jar:10.1.25]
	at org.apache.tomcat.util.net.SocketProcessorBase.run(SocketProcessorBase.java:52) ~[tomcat-embed-core-10.1.25.jar:10.1.25]
	at org.apache.tomcat.util.threads.ThreadPoolExecutor.runWorker(ThreadPoolExecutor.java:1190) ~[tomcat-embed-core-10.1.25.jar:10.1.25]
	at org.apache.tomcat.util.threads.ThreadPoolExecutor$Worker.run(ThreadPoolExecutor.java:659) ~[tomcat-embed-core-10.1.25.jar:10.1.25]
	at org.apache.tomcat.util.threads.TaskThread$WrappingRunnable.run(TaskThread.java:63) ~[tomcat-embed-core-10.1.25.jar:10.1.25]
	at java.base/java.lang.Thread.run(Thread.java:1589) ~[na:na]

2024-07-16T16:28:10.100+03:00  INFO 1420 --- [public-api] [SpringApplicationShutdownHook] j.LocalContainerEntityManagerFactoryBean : Closing JPA EntityManagerFactory for persistence unit 'default'
2024-07-16T16:28:10.104+03:00  INFO 1420 --- [public-api] [SpringApplicationShutdownHook] com.zaxxer.hikari.HikariDataSource       : HikariPool-1 - Shutdown initiated...
2024-07-16T16:28:10.109+03:00  INFO 1420 --- [public-api] [SpringApplicationShutdownHook] com.zaxxer.hikari.HikariDataSource       : HikariPool-1 - Shutdown completed.
2024-07-16T16:28:22.276+03:00  INFO 15296 --- [public-api] [main] b.i.d.publicapi.PublicApiApplication     : Starting PublicApiApplication using Java 19.0.2 with PID 15296 (E:\party-spring\party-web\project-manager\public-api\target\classes started by tende in E:\party-spring\party-web\project-manager)
2024-07-16T16:28:22.296+03:00  INFO 15296 --- [public-api] [main] b.i.d.publicapi.PublicApiApplication     : No active profile set, falling back to 1 default profile: "default"
2024-07-16T16:28:24.897+03:00  INFO 15296 --- [public-api] [main] .s.d.r.c.RepositoryConfigurationDelegate : Multiple Spring Data modules found, entering strict repository configuration mode
2024-07-16T16:28:24.898+03:00  INFO 15296 --- [public-api] [main] .s.d.r.c.RepositoryConfigurationDelegate : Bootstrapping Spring Data JPA repositories in DEFAULT mode.
2024-07-16T16:28:25.250+03:00  INFO 15296 --- [public-api] [main] .s.d.r.c.RepositoryConfigurationDelegate : Finished Spring Data repository scanning in 329 ms. Found 10 JPA repository interfaces.
2024-07-16T16:28:25.255+03:00  INFO 15296 --- [public-api] [main] .s.d.r.c.RepositoryConfigurationDelegate : Multiple Spring Data modules found, entering strict repository configuration mode
2024-07-16T16:28:25.256+03:00  INFO 15296 --- [public-api] [main] .s.d.r.c.RepositoryConfigurationDelegate : Bootstrapping Spring Data Redis repositories in DEFAULT mode.
2024-07-16T16:28:25.289+03:00  INFO 15296 --- [public-api] [main] .s.d.r.c.RepositoryConfigurationDelegate : Finished Spring Data repository scanning in 4 ms. Found 0 Redis repository interfaces.
2024-07-16T16:28:25.997+03:00  INFO 15296 --- [public-api] [main] .s.d.r.c.RepositoryConfigurationDelegate : Multiple Spring Data modules found, entering strict repository configuration mode
2024-07-16T16:28:25.998+03:00  INFO 15296 --- [public-api] [main] .s.d.r.c.RepositoryConfigurationDelegate : Bootstrapping Spring Data Redis repositories in DEFAULT mode.
2024-07-16T16:28:26.032+03:00  INFO 15296 --- [public-api] [main] .s.d.r.c.RepositoryConfigurationDelegate : Finished Spring Data repository scanning in 33 ms. Found 0 Redis repository interfaces.
2024-07-16T16:28:28.125+03:00  INFO 15296 --- [public-api] [main] o.s.b.w.embedded.tomcat.TomcatWebServer  : Tomcat initialized with port 8080 (http)
2024-07-16T16:28:28.150+03:00  INFO 15296 --- [public-api] [main] o.apache.catalina.core.StandardService   : Starting service [Tomcat]
2024-07-16T16:28:28.150+03:00  INFO 15296 --- [public-api] [main] o.apache.catalina.core.StandardEngine    : Starting Servlet engine: [Apache Tomcat/10.1.25]
2024-07-16T16:28:28.310+03:00  INFO 15296 --- [public-api] [main] o.a.c.c.C.[Tomcat].[localhost].[/]       : Initializing Spring embedded WebApplicationContext
2024-07-16T16:28:28.311+03:00  INFO 15296 --- [public-api] [main] w.s.c.ServletWebServerApplicationContext : Root WebApplicationContext: initialization completed in 5752 ms
2024-07-16T16:28:28.816+03:00  INFO 15296 --- [public-api] [main] o.hibernate.jpa.internal.util.LogHelper  : HHH000204: Processing PersistenceUnitInfo [name: default]
2024-07-16T16:28:29.157+03:00  INFO 15296 --- [public-api] [main] org.hibernate.Version                    : HHH000412: Hibernate ORM core version 6.5.2.Final
2024-07-16T16:28:29.280+03:00  INFO 15296 --- [public-api] [main] o.h.c.internal.RegionFactoryInitiator    : HHH000026: Second-level cache disabled
2024-07-16T16:28:30.417+03:00  INFO 15296 --- [public-api] [main] o.s.o.j.p.SpringPersistenceUnitInfo      : No LoadTimeWeaver setup: ignoring JPA class transformer
2024-07-16T16:28:30.484+03:00  INFO 15296 --- [public-api] [main] com.zaxxer.hikari.HikariDataSource       : HikariPool-1 - Starting...
2024-07-16T16:28:30.894+03:00  INFO 15296 --- [public-api] [main] com.zaxxer.hikari.pool.HikariPool        : HikariPool-1 - Added connection org.postgresql.jdbc.PgConnection@6e3b2dd3
2024-07-16T16:28:30.899+03:00  INFO 15296 --- [public-api] [main] com.zaxxer.hikari.HikariDataSource       : HikariPool-1 - Start completed.
2024-07-16T16:28:34.965+03:00  INFO 15296 --- [public-api] [main] o.h.e.t.j.p.i.JtaPlatformInitiator       : HHH000489: No JTA platform available (set 'hibernate.transaction.jta.platform' to enable JTA platform integration)
2024-07-16T16:28:35.341+03:00  INFO 15296 --- [public-api] [main] j.LocalContainerEntityManagerFactoryBean : Initialized JPA EntityManagerFactory for persistence unit 'default'
2024-07-16T16:28:37.295+03:00  INFO 15296 --- [public-api] [main] o.s.b.w.embedded.tomcat.TomcatWebServer  : Tomcat started on port 8080 (http) with context path '/'
2024-07-16T16:28:37.337+03:00  WARN 15296 --- [public-api] [main] JpaBaseConfiguration$JpaWebConfiguration : spring.jpa.open-in-view is enabled by default. Therefore, database queries may be performed during view rendering. Explicitly configure spring.jpa.open-in-view to disable this warning
2024-07-16T16:28:38.670+03:00  INFO 15296 --- [public-api] [main] b.i.d.publicapi.PublicApiApplication     : Started PublicApiApplication in 18.57 seconds (process running for 20.278)
2024-07-16T16:28:48.887+03:00  INFO 15296 --- [public-api] [http-nio-8080-exec-1] o.a.c.c.C.[Tomcat].[localhost].[/]       : Initializing Spring DispatcherServlet 'dispatcherServlet'
2024-07-16T16:28:48.891+03:00  INFO 15296 --- [public-api] [http-nio-8080-exec-1] o.s.web.servlet.DispatcherServlet        : Initializing Servlet 'dispatcherServlet'
2024-07-16T16:28:49.633+03:00  INFO 15296 --- [public-api] [http-nio-8080-exec-1] o.s.web.servlet.DispatcherServlet        : Completed initialization in 740 ms
2024-07-16T16:28:50.322+03:00  WARN 15296 --- [public-api] [http-nio-8080-exec-1] .w.s.m.s.DefaultHandlerExceptionResolver : Resolved [org.springframework.web.bind.MethodArgumentNotValidException: Validation failed for argument [0] in public org.springframework.http.ResponseEntity by.intexsoft.diplom.publicapi.controller.PersonController.resetPassword(by.intexsoft.diplom.publicapi.dto.PasswordResetDto,java.lang.String,org.springframework.validation.BindingResult): [Field error in object 'passwordResetDto' on field 'oldPassword': rejected value [null]; codes [NotBlank.passwordResetDto.oldPassword,NotBlank.oldPassword,NotBlank.java.lang.String,NotBlank]; arguments [org.springframework.context.support.DefaultMessageSourceResolvable: codes [passwordResetDto.oldPassword,oldPassword]; arguments []; default message [oldPassword]]; default message [Field cannot be blank]] ]
2024-07-16T16:32:07.960+03:00  INFO 15296 --- [public-api] [SpringApplicationShutdownHook] j.LocalContainerEntityManagerFactoryBean : Closing JPA EntityManagerFactory for persistence unit 'default'
2024-07-16T16:32:07.964+03:00  INFO 15296 --- [public-api] [SpringApplicationShutdownHook] com.zaxxer.hikari.HikariDataSource       : HikariPool-1 - Shutdown initiated...
2024-07-16T16:32:07.974+03:00  INFO 15296 --- [public-api] [SpringApplicationShutdownHook] com.zaxxer.hikari.HikariDataSource       : HikariPool-1 - Shutdown completed.
2024-07-16T16:32:20.009+03:00  INFO 16040 --- [public-api] [main] b.i.d.publicapi.PublicApiApplication     : Starting PublicApiApplication using Java 19.0.2 with PID 16040 (E:\party-spring\party-web\project-manager\public-api\target\classes started by tende in E:\party-spring\party-web\project-manager)
2024-07-16T16:32:20.017+03:00  INFO 16040 --- [public-api] [main] b.i.d.publicapi.PublicApiApplication     : No active profile set, falling back to 1 default profile: "default"
2024-07-16T16:32:21.692+03:00  INFO 16040 --- [public-api] [main] .s.d.r.c.RepositoryConfigurationDelegate : Multiple Spring Data modules found, entering strict repository configuration mode
2024-07-16T16:32:21.693+03:00  INFO 16040 --- [public-api] [main] .s.d.r.c.RepositoryConfigurationDelegate : Bootstrapping Spring Data JPA repositories in DEFAULT mode.
2024-07-16T16:32:22.022+03:00  INFO 16040 --- [public-api] [main] .s.d.r.c.RepositoryConfigurationDelegate : Finished Spring Data repository scanning in 314 ms. Found 10 JPA repository interfaces.
2024-07-16T16:32:22.026+03:00  INFO 16040 --- [public-api] [main] .s.d.r.c.RepositoryConfigurationDelegate : Multiple Spring Data modules found, entering strict repository configuration mode
2024-07-16T16:32:22.026+03:00  INFO 16040 --- [public-api] [main] .s.d.r.c.RepositoryConfigurationDelegate : Bootstrapping Spring Data Redis repositories in DEFAULT mode.
2024-07-16T16:32:22.041+03:00  INFO 16040 --- [public-api] [main] .s.d.r.c.RepositoryConfigurationDelegate : Finished Spring Data repository scanning in 2 ms. Found 0 Redis repository interfaces.
2024-07-16T16:32:22.557+03:00  INFO 16040 --- [public-api] [main] .s.d.r.c.RepositoryConfigurationDelegate : Multiple Spring Data modules found, entering strict repository configuration mode
2024-07-16T16:32:22.558+03:00  INFO 16040 --- [public-api] [main] .s.d.r.c.RepositoryConfigurationDelegate : Bootstrapping Spring Data Redis repositories in DEFAULT mode.
2024-07-16T16:32:22.583+03:00  INFO 16040 --- [public-api] [main] .s.d.r.c.RepositoryConfigurationDelegate : Finished Spring Data repository scanning in 24 ms. Found 0 Redis repository interfaces.
2024-07-16T16:32:24.207+03:00  INFO 16040 --- [public-api] [main] o.s.b.w.embedded.tomcat.TomcatWebServer  : Tomcat initialized with port 8080 (http)
2024-07-16T16:32:24.228+03:00  INFO 16040 --- [public-api] [main] o.apache.catalina.core.StandardService   : Starting service [Tomcat]
2024-07-16T16:32:24.229+03:00  INFO 16040 --- [public-api] [main] o.apache.catalina.core.StandardEngine    : Starting Servlet engine: [Apache Tomcat/10.1.25]
2024-07-16T16:32:24.377+03:00  INFO 16040 --- [public-api] [main] o.a.c.c.C.[Tomcat].[localhost].[/]       : Initializing Spring embedded WebApplicationContext
2024-07-16T16:32:24.378+03:00  INFO 16040 --- [public-api] [main] w.s.c.ServletWebServerApplicationContext : Root WebApplicationContext: initialization completed in 4205 ms
2024-07-16T16:32:24.799+03:00  INFO 16040 --- [public-api] [main] o.hibernate.jpa.internal.util.LogHelper  : HHH000204: Processing PersistenceUnitInfo [name: default]
2024-07-16T16:32:25.061+03:00  INFO 16040 --- [public-api] [main] org.hibernate.Version                    : HHH000412: Hibernate ORM core version 6.5.2.Final
2024-07-16T16:32:25.185+03:00  INFO 16040 --- [public-api] [main] o.h.c.internal.RegionFactoryInitiator    : HHH000026: Second-level cache disabled
2024-07-16T16:32:26.058+03:00  INFO 16040 --- [public-api] [main] o.s.o.j.p.SpringPersistenceUnitInfo      : No LoadTimeWeaver setup: ignoring JPA class transformer
2024-07-16T16:32:26.131+03:00  INFO 16040 --- [public-api] [main] com.zaxxer.hikari.HikariDataSource       : HikariPool-1 - Starting...
2024-07-16T16:32:26.566+03:00  INFO 16040 --- [public-api] [main] com.zaxxer.hikari.pool.HikariPool        : HikariPool-1 - Added connection org.postgresql.jdbc.PgConnection@5273143e
2024-07-16T16:32:26.571+03:00  INFO 16040 --- [public-api] [main] com.zaxxer.hikari.HikariDataSource       : HikariPool-1 - Start completed.
2024-07-16T16:32:29.371+03:00  INFO 16040 --- [public-api] [main] o.h.e.t.j.p.i.JtaPlatformInitiator       : HHH000489: No JTA platform available (set 'hibernate.transaction.jta.platform' to enable JTA platform integration)
2024-07-16T16:32:29.469+03:00  WARN 16040 --- [public-api] [main] o.h.t.s.i.ExceptionHandlerLoggedImpl     : GenerationTarget encountered exception accepting command : Error executing DDL "alter table if exists person alter column password set data type varchar(30)" via JDBC [ОШИБКА: значение не умещается в тип character varying(30)]

org.hibernate.tool.schema.spi.CommandAcceptanceException: Error executing DDL "alter table if exists person alter column password set data type varchar(30)" via JDBC [ОШИБКА: значение не умещается в тип character varying(30)]
	at org.hibernate.tool.schema.internal.exec.GenerationTargetToDatabase.accept(GenerationTargetToDatabase.java:94) ~[hibernate-core-6.5.2.Final.jar:6.5.2.Final]
	at org.hibernate.tool.schema.internal.AbstractSchemaMigrator.applySqlString(AbstractSchemaMigrator.java:575) ~[hibernate-core-6.5.2.Final.jar:6.5.2.Final]
	at org.hibernate.tool.schema.internal.AbstractSchemaMigrator.applySqlStrings(AbstractSchemaMigrator.java:515) ~[hibernate-core-6.5.2.Final.jar:6.5.2.Final]
	at org.hibernate.tool.schema.internal.AbstractSchemaMigrator.migrateTable(AbstractSchemaMigrator.java:333) ~[hibernate-core-6.5.2.Final.jar:6.5.2.Final]
	at org.hibernate.tool.schema.internal.GroupedSchemaMigratorImpl.performTablesMigration(GroupedSchemaMigratorImpl.java:84) ~[hibernate-core-6.5.2.Final.jar:6.5.2.Final]
	at org.hibernate.tool.schema.internal.AbstractSchemaMigrator.performMigration(AbstractSchemaMigrator.java:232) ~[hibernate-core-6.5.2.Final.jar:6.5.2.Final]
	at org.hibernate.tool.schema.internal.AbstractSchemaMigrator.doMigration(AbstractSchemaMigrator.java:117) ~[hibernate-core-6.5.2.Final.jar:6.5.2.Final]
	at org.hibernate.tool.schema.spi.SchemaManagementToolCoordinator.performDatabaseAction(SchemaManagementToolCoordinator.java:280) ~[hibernate-core-6.5.2.Final.jar:6.5.2.Final]
	at org.hibernate.tool.schema.spi.SchemaManagementToolCoordinator.lambda$process$5(SchemaManagementToolCoordinator.java:144) ~[hibernate-core-6.5.2.Final.jar:6.5.2.Final]
	at java.base/java.util.HashMap.forEach(HashMap.java:1429) ~[na:na]
	at org.hibernate.tool.schema.spi.SchemaManagementToolCoordinator.process(SchemaManagementToolCoordinator.java:141) ~[hibernate-core-6.5.2.Final.jar:6.5.2.Final]
	at org.hibernate.boot.internal.SessionFactoryObserverForSchemaExport.sessionFactoryCreated(SessionFactoryObserverForSchemaExport.java:37) ~[hibernate-core-6.5.2.Final.jar:6.5.2.Final]
	at org.hibernate.internal.SessionFactoryObserverChain.sessionFactoryCreated(SessionFactoryObserverChain.java:35) ~[hibernate-core-6.5.2.Final.jar:6.5.2.Final]
	at org.hibernate.internal.SessionFactoryImpl.<init>(SessionFactoryImpl.java:322) ~[hibernate-core-6.5.2.Final.jar:6.5.2.Final]
	at org.hibernate.boot.internal.SessionFactoryBuilderImpl.build(SessionFactoryBuilderImpl.java:457) ~[hibernate-core-6.5.2.Final.jar:6.5.2.Final]
	at org.hibernate.jpa.boot.internal.EntityManagerFactoryBuilderImpl.build(EntityManagerFactoryBuilderImpl.java:1506) ~[hibernate-core-6.5.2.Final.jar:6.5.2.Final]
	at org.springframework.orm.jpa.vendor.SpringHibernateJpaPersistenceProvider.createContainerEntityManagerFactory(SpringHibernateJpaPersistenceProvider.java:75) ~[spring-orm-6.1.10.jar:6.1.10]
	at org.springframework.orm.jpa.LocalContainerEntityManagerFactoryBean.createNativeEntityManagerFactory(LocalContainerEntityManagerFactoryBean.java:390) ~[spring-orm-6.1.10.jar:6.1.10]
	at org.springframework.orm.jpa.AbstractEntityManagerFactoryBean.buildNativeEntityManagerFactory(AbstractEntityManagerFactoryBean.java:409) ~[spring-orm-6.1.10.jar:6.1.10]
	at org.springframework.orm.jpa.AbstractEntityManagerFactoryBean.afterPropertiesSet(AbstractEntityManagerFactoryBean.java:396) ~[spring-orm-6.1.10.jar:6.1.10]
	at org.springframework.orm.jpa.LocalContainerEntityManagerFactoryBean.afterPropertiesSet(LocalContainerEntityManagerFactoryBean.java:366) ~[spring-orm-6.1.10.jar:6.1.10]
	at org.springframework.beans.factory.support.AbstractAutowireCapableBeanFactory.invokeInitMethods(AbstractAutowireCapableBeanFactory.java:1835) ~[spring-beans-6.1.10.jar:6.1.10]
	at org.springframework.beans.factory.support.AbstractAutowireCapableBeanFactory.initializeBean(AbstractAutowireCapableBeanFactory.java:1784) ~[spring-beans-6.1.10.jar:6.1.10]
	at org.springframework.beans.factory.support.AbstractAutowireCapableBeanFactory.doCreateBean(AbstractAutowireCapableBeanFactory.java:600) ~[spring-beans-6.1.10.jar:6.1.10]
	at org.springframework.beans.factory.support.AbstractAutowireCapableBeanFactory.createBean(AbstractAutowireCapableBeanFactory.java:522) ~[spring-beans-6.1.10.jar:6.1.10]
	at org.springframework.beans.factory.support.AbstractBeanFactory.lambda$doGetBean$0(AbstractBeanFactory.java:337) ~[spring-beans-6.1.10.jar:6.1.10]
	at org.springframework.beans.factory.support.DefaultSingletonBeanRegistry.getSingleton(DefaultSingletonBeanRegistry.java:234) ~[spring-beans-6.1.10.jar:6.1.10]
	at org.springframework.beans.factory.support.AbstractBeanFactory.doGetBean(AbstractBeanFactory.java:335) ~[spring-beans-6.1.10.jar:6.1.10]
	at org.springframework.beans.factory.support.AbstractBeanFactory.getBean(AbstractBeanFactory.java:205) ~[spring-beans-6.1.10.jar:6.1.10]
	at org.springframework.context.support.AbstractApplicationContext.finishBeanFactoryInitialization(AbstractApplicationContext.java:952) ~[spring-context-6.1.10.jar:6.1.10]
	at org.springframework.context.support.AbstractApplicationContext.refresh(AbstractApplicationContext.java:624) ~[spring-context-6.1.10.jar:6.1.10]
	at org.springframework.boot.web.servlet.context.ServletWebServerApplicationContext.refresh(ServletWebServerApplicationContext.java:146) ~[spring-boot-3.3.1.jar:3.3.1]
	at org.springframework.boot.SpringApplication.refresh(SpringApplication.java:754) ~[spring-boot-3.3.1.jar:3.3.1]
	at org.springframework.boot.SpringApplication.refreshContext(SpringApplication.java:456) ~[spring-boot-3.3.1.jar:3.3.1]
	at org.springframework.boot.SpringApplication.run(SpringApplication.java:335) ~[spring-boot-3.3.1.jar:3.3.1]
	at org.springframework.boot.SpringApplication.run(SpringApplication.java:1363) ~[spring-boot-3.3.1.jar:3.3.1]
	at org.springframework.boot.SpringApplication.run(SpringApplication.java:1352) ~[spring-boot-3.3.1.jar:3.3.1]
	at by.intexsoft.diplom.publicapi.PublicApiApplication.main(PublicApiApplication.java:15) ~[classes/:na]
Caused by: org.postgresql.util.PSQLException: ОШИБКА: значение не умещается в тип character varying(30)
	at org.postgresql.core.v3.QueryExecutorImpl.receiveErrorResponse(QueryExecutorImpl.java:2725) ~[postgresql-42.7.3.jar:42.7.3]
	at org.postgresql.core.v3.QueryExecutorImpl.processResults(QueryExecutorImpl.java:2412) ~[postgresql-42.7.3.jar:42.7.3]
	at org.postgresql.core.v3.QueryExecutorImpl.execute(QueryExecutorImpl.java:371) ~[postgresql-42.7.3.jar:42.7.3]
	at org.postgresql.jdbc.PgStatement.executeInternal(PgStatement.java:502) ~[postgresql-42.7.3.jar:42.7.3]
	at org.postgresql.jdbc.PgStatement.execute(PgStatement.java:419) ~[postgresql-42.7.3.jar:42.7.3]
	at org.postgresql.jdbc.PgStatement.executeWithFlags(PgStatement.java:341) ~[postgresql-42.7.3.jar:42.7.3]
	at org.postgresql.jdbc.PgStatement.executeCachedSql(PgStatement.java:326) ~[postgresql-42.7.3.jar:42.7.3]
	at org.postgresql.jdbc.PgStatement.executeWithFlags(PgStatement.java:302) ~[postgresql-42.7.3.jar:42.7.3]
	at org.postgresql.jdbc.PgStatement.execute(PgStatement.java:297) ~[postgresql-42.7.3.jar:42.7.3]
	at com.zaxxer.hikari.pool.ProxyStatement.execute(ProxyStatement.java:94) ~[HikariCP-5.1.0.jar:na]
	at com.zaxxer.hikari.pool.HikariProxyStatement.execute(HikariProxyStatement.java) ~[HikariCP-5.1.0.jar:na]
	at org.hibernate.tool.schema.internal.exec.GenerationTargetToDatabase.accept(GenerationTargetToDatabase.java:80) ~[hibernate-core-6.5.2.Final.jar:6.5.2.Final]
	... 37 common frames omitted

2024-07-16T16:32:29.814+03:00  INFO 16040 --- [public-api] [main] j.LocalContainerEntityManagerFactoryBean : Initialized JPA EntityManagerFactory for persistence unit 'default'
2024-07-16T16:32:31.582+03:00  INFO 16040 --- [public-api] [main] o.s.b.w.embedded.tomcat.TomcatWebServer  : Tomcat started on port 8080 (http) with context path '/'
2024-07-16T16:32:31.628+03:00  WARN 16040 --- [public-api] [main] JpaBaseConfiguration$JpaWebConfiguration : spring.jpa.open-in-view is enabled by default. Therefore, database queries may be performed during view rendering. Explicitly configure spring.jpa.open-in-view to disable this warning
2024-07-16T16:32:32.685+03:00  INFO 16040 --- [public-api] [main] b.i.d.publicapi.PublicApiApplication     : Started PublicApiApplication in 14.212 seconds (process running for 15.367)
2024-07-16T16:32:49.171+03:00  INFO 16040 --- [public-api] [http-nio-8080-exec-2] o.a.c.c.C.[Tomcat].[localhost].[/]       : Initializing Spring DispatcherServlet 'dispatcherServlet'
2024-07-16T16:32:49.171+03:00  INFO 16040 --- [public-api] [http-nio-8080-exec-2] o.s.web.servlet.DispatcherServlet        : Initializing Servlet 'dispatcherServlet'
2024-07-16T16:32:49.411+03:00  INFO 16040 --- [public-api] [http-nio-8080-exec-2] o.s.web.servlet.DispatcherServlet        : Completed initialization in 239 ms
2024-07-16T16:32:49.722+03:00  WARN 16040 --- [public-api] [http-nio-8080-exec-2] .w.s.m.s.DefaultHandlerExceptionResolver : Resolved [org.springframework.web.bind.MethodArgumentNotValidException: Validation failed for argument [0] in public org.springframework.http.ResponseEntity by.intexsoft.diplom.publicapi.controller.PersonController.resetPassword(by.intexsoft.diplom.publicapi.dto.PasswordResetDto,java.lang.String,org.springframework.validation.BindingResult): [Field error in object 'passwordResetDto' on field 'oldPassword': rejected value [null]; codes [NotBlank.passwordResetDto.oldPassword,NotBlank.oldPassword,NotBlank.java.lang.String,NotBlank]; arguments [org.springframework.context.support.DefaultMessageSourceResolvable: codes [passwordResetDto.oldPassword,oldPassword]; arguments []; default message [oldPassword]]; default message [Field cannot be blank]] ]
2024-07-16T16:32:55.286+03:00  INFO 16040 --- [public-api] [SpringApplicationShutdownHook] j.LocalContainerEntityManagerFactoryBean : Closing JPA EntityManagerFactory for persistence unit 'default'
2024-07-16T16:32:55.290+03:00  INFO 16040 --- [public-api] [SpringApplicationShutdownHook] com.zaxxer.hikari.HikariDataSource       : HikariPool-1 - Shutdown initiated...
2024-07-16T16:32:55.303+03:00  INFO 16040 --- [public-api] [SpringApplicationShutdownHook] com.zaxxer.hikari.HikariDataSource       : HikariPool-1 - Shutdown completed.
2024-07-16T16:33:55.955+03:00  INFO 14736 --- [public-api] [main] b.i.d.publicapi.PublicApiApplication     : Starting PublicApiApplication using Java 19.0.2 with PID 14736 (E:\party-spring\party-web\project-manager\public-api\target\classes started by tende in E:\party-spring\party-web\project-manager)
2024-07-16T16:33:55.963+03:00  INFO 14736 --- [public-api] [main] b.i.d.publicapi.PublicApiApplication     : No active profile set, falling back to 1 default profile: "default"
2024-07-16T16:33:57.484+03:00  INFO 14736 --- [public-api] [main] .s.d.r.c.RepositoryConfigurationDelegate : Multiple Spring Data modules found, entering strict repository configuration mode
2024-07-16T16:33:57.484+03:00  INFO 14736 --- [public-api] [main] .s.d.r.c.RepositoryConfigurationDelegate : Bootstrapping Spring Data JPA repositories in DEFAULT mode.
2024-07-16T16:33:57.708+03:00  INFO 14736 --- [public-api] [main] .s.d.r.c.RepositoryConfigurationDelegate : Finished Spring Data repository scanning in 209 ms. Found 10 JPA repository interfaces.
2024-07-16T16:33:57.723+03:00  INFO 14736 --- [public-api] [main] .s.d.r.c.RepositoryConfigurationDelegate : Multiple Spring Data modules found, entering strict repository configuration mode
2024-07-16T16:33:57.724+03:00  INFO 14736 --- [public-api] [main] .s.d.r.c.RepositoryConfigurationDelegate : Bootstrapping Spring Data Redis repositories in DEFAULT mode.
2024-07-16T16:33:57.744+03:00  INFO 14736 --- [public-api] [main] .s.d.r.c.RepositoryConfigurationDelegate : Finished Spring Data repository scanning in 2 ms. Found 0 Redis repository interfaces.
2024-07-16T16:33:58.214+03:00  INFO 14736 --- [public-api] [main] .s.d.r.c.RepositoryConfigurationDelegate : Multiple Spring Data modules found, entering strict repository configuration mode
2024-07-16T16:33:58.214+03:00  INFO 14736 --- [public-api] [main] .s.d.r.c.RepositoryConfigurationDelegate : Bootstrapping Spring Data Redis repositories in DEFAULT mode.
2024-07-16T16:33:58.239+03:00  INFO 14736 --- [public-api] [main] .s.d.r.c.RepositoryConfigurationDelegate : Finished Spring Data repository scanning in 24 ms. Found 0 Redis repository interfaces.
2024-07-16T16:33:59.590+03:00  INFO 14736 --- [public-api] [main] o.s.b.w.embedded.tomcat.TomcatWebServer  : Tomcat initialized with port 8080 (http)
2024-07-16T16:33:59.615+03:00  INFO 14736 --- [public-api] [main] o.apache.catalina.core.StandardService   : Starting service [Tomcat]
2024-07-16T16:33:59.616+03:00  INFO 14736 --- [public-api] [main] o.apache.catalina.core.StandardEngine    : Starting Servlet engine: [Apache Tomcat/10.1.25]
2024-07-16T16:33:59.786+03:00  INFO 14736 --- [public-api] [main] o.a.c.c.C.[Tomcat].[localhost].[/]       : Initializing Spring embedded WebApplicationContext
2024-07-16T16:33:59.787+03:00  INFO 14736 --- [public-api] [main] w.s.c.ServletWebServerApplicationContext : Root WebApplicationContext: initialization completed in 3672 ms
2024-07-16T16:34:00.137+03:00  INFO 14736 --- [public-api] [main] o.hibernate.jpa.internal.util.LogHelper  : HHH000204: Processing PersistenceUnitInfo [name: default]
2024-07-16T16:34:00.269+03:00  INFO 14736 --- [public-api] [main] org.hibernate.Version                    : HHH000412: Hibernate ORM core version 6.5.2.Final
2024-07-16T16:34:00.345+03:00  INFO 14736 --- [public-api] [main] o.h.c.internal.RegionFactoryInitiator    : HHH000026: Second-level cache disabled
2024-07-16T16:34:00.982+03:00  INFO 14736 --- [public-api] [main] o.s.o.j.p.SpringPersistenceUnitInfo      : No LoadTimeWeaver setup: ignoring JPA class transformer
2024-07-16T16:34:01.021+03:00  INFO 14736 --- [public-api] [main] com.zaxxer.hikari.HikariDataSource       : HikariPool-1 - Starting...
2024-07-16T16:34:01.442+03:00  INFO 14736 --- [public-api] [main] com.zaxxer.hikari.pool.HikariPool        : HikariPool-1 - Added connection org.postgresql.jdbc.PgConnection@5273143e
2024-07-16T16:34:01.446+03:00  INFO 14736 --- [public-api] [main] com.zaxxer.hikari.HikariDataSource       : HikariPool-1 - Start completed.
2024-07-16T16:34:03.637+03:00  INFO 14736 --- [public-api] [main] o.h.e.t.j.p.i.JtaPlatformInitiator       : HHH000489: No JTA platform available (set 'hibernate.transaction.jta.platform' to enable JTA platform integration)
2024-07-16T16:34:03.947+03:00  INFO 14736 --- [public-api] [main] j.LocalContainerEntityManagerFactoryBean : Initialized JPA EntityManagerFactory for persistence unit 'default'
2024-07-16T16:34:05.157+03:00  INFO 14736 --- [public-api] [main] o.s.b.w.embedded.tomcat.TomcatWebServer  : Tomcat started on port 8080 (http) with context path '/'
2024-07-16T16:34:05.196+03:00  WARN 14736 --- [public-api] [main] JpaBaseConfiguration$JpaWebConfiguration : spring.jpa.open-in-view is enabled by default. Therefore, database queries may be performed during view rendering. Explicitly configure spring.jpa.open-in-view to disable this warning
2024-07-16T16:34:05.976+03:00  INFO 14736 --- [public-api] [main] b.i.d.publicapi.PublicApiApplication     : Started PublicApiApplication in 11.314 seconds (process running for 12.338)
2024-07-16T16:34:26.707+03:00  INFO 14736 --- [public-api] [http-nio-8080-exec-1] o.a.c.c.C.[Tomcat].[localhost].[/]       : Initializing Spring DispatcherServlet 'dispatcherServlet'
2024-07-16T16:34:26.708+03:00  INFO 14736 --- [public-api] [http-nio-8080-exec-1] o.s.web.servlet.DispatcherServlet        : Initializing Servlet 'dispatcherServlet'
2024-07-16T16:34:26.919+03:00  INFO 14736 --- [public-api] [http-nio-8080-exec-1] o.s.web.servlet.DispatcherServlet        : Completed initialization in 210 ms
2024-07-16T16:34:27.177+03:00  WARN 14736 --- [public-api] [http-nio-8080-exec-1] .w.s.m.s.DefaultHandlerExceptionResolver : Resolved [org.springframework.web.bind.MethodArgumentNotValidException: Validation failed for argument [0] in public org.springframework.http.ResponseEntity by.intexsoft.diplom.publicapi.controller.PersonController.resetPassword(by.intexsoft.diplom.publicapi.dto.PasswordResetDto,java.lang.String,org.springframework.validation.BindingResult): [Field error in object 'passwordResetDto' on field 'oldPassword': rejected value [null]; codes [NotBlank.passwordResetDto.oldPassword,NotBlank.oldPassword,NotBlank.java.lang.String,NotBlank]; arguments [org.springframework.context.support.DefaultMessageSourceResolvable: codes [passwordResetDto.oldPassword,oldPassword]; arguments []; default message [oldPassword]]; default message [Field cannot be blank]] ]
2024-07-16T16:37:02.233+03:00  WARN 14736 --- [public-api] [http-nio-8080-exec-4] .w.s.m.s.DefaultHandlerExceptionResolver : Resolved [org.springframework.web.bind.MethodArgumentNotValidException: Validation failed for argument [0] in public org.springframework.http.ResponseEntity by.intexsoft.diplom.publicapi.controller.PersonController.resetPassword(by.intexsoft.diplom.publicapi.dto.PasswordResetDto,java.lang.String,org.springframework.validation.BindingResult): [Field error in object 'passwordResetDto' on field 'oldPassword': rejected value []; codes [NotBlank.passwordResetDto.oldPassword,NotBlank.oldPassword,NotBlank.java.lang.String,NotBlank]; arguments [org.springframework.context.support.DefaultMessageSourceResolvable: codes [passwordResetDto.oldPassword,oldPassword]; arguments []; default message [oldPassword]]; default message [Field cannot be blank]] ]
2024-07-16T16:41:33.719+03:00  INFO 14736 --- [public-api] [SpringApplicationShutdownHook] j.LocalContainerEntityManagerFactoryBean : Closing JPA EntityManagerFactory for persistence unit 'default'
2024-07-16T16:41:33.722+03:00  INFO 14736 --- [public-api] [SpringApplicationShutdownHook] com.zaxxer.hikari.HikariDataSource       : HikariPool-1 - Shutdown initiated...
2024-07-16T16:41:33.726+03:00  INFO 14736 --- [public-api] [SpringApplicationShutdownHook] com.zaxxer.hikari.HikariDataSource       : HikariPool-1 - Shutdown completed.
2024-07-16T16:41:39.410+03:00  INFO 8172 --- [public-api] [main] b.i.d.publicapi.PublicApiApplication     : Starting PublicApiApplication using Java 19.0.2 with PID 8172 (E:\party-spring\party-web\project-manager\public-api\target\classes started by tende in E:\party-spring\party-web\project-manager)
2024-07-16T16:41:39.415+03:00  INFO 8172 --- [public-api] [main] b.i.d.publicapi.PublicApiApplication     : No active profile set, falling back to 1 default profile: "default"
2024-07-16T16:41:40.490+03:00  INFO 8172 --- [public-api] [main] .s.d.r.c.RepositoryConfigurationDelegate : Multiple Spring Data modules found, entering strict repository configuration mode
2024-07-16T16:41:40.490+03:00  INFO 8172 --- [public-api] [main] .s.d.r.c.RepositoryConfigurationDelegate : Bootstrapping Spring Data JPA repositories in DEFAULT mode.
2024-07-16T16:41:40.787+03:00  INFO 8172 --- [public-api] [main] .s.d.r.c.RepositoryConfigurationDelegate : Finished Spring Data repository scanning in 279 ms. Found 10 JPA repository interfaces.
2024-07-16T16:41:40.790+03:00  INFO 8172 --- [public-api] [main] .s.d.r.c.RepositoryConfigurationDelegate : Multiple Spring Data modules found, entering strict repository configuration mode
2024-07-16T16:41:40.790+03:00  INFO 8172 --- [public-api] [main] .s.d.r.c.RepositoryConfigurationDelegate : Bootstrapping Spring Data Redis repositories in DEFAULT mode.
2024-07-16T16:41:40.803+03:00  INFO 8172 --- [public-api] [main] .s.d.r.c.RepositoryConfigurationDelegate : Finished Spring Data repository scanning in 2 ms. Found 0 Redis repository interfaces.
2024-07-16T16:41:41.227+03:00  INFO 8172 --- [public-api] [main] .s.d.r.c.RepositoryConfigurationDelegate : Multiple Spring Data modules found, entering strict repository configuration mode
2024-07-16T16:41:41.227+03:00  INFO 8172 --- [public-api] [main] .s.d.r.c.RepositoryConfigurationDelegate : Bootstrapping Spring Data Redis repositories in DEFAULT mode.
2024-07-16T16:41:41.250+03:00  INFO 8172 --- [public-api] [main] .s.d.r.c.RepositoryConfigurationDelegate : Finished Spring Data repository scanning in 22 ms. Found 0 Redis repository interfaces.
2024-07-16T16:41:42.331+03:00  INFO 8172 --- [public-api] [main] o.s.b.w.embedded.tomcat.TomcatWebServer  : Tomcat initialized with port 8080 (http)
2024-07-16T16:41:42.363+03:00  INFO 8172 --- [public-api] [main] o.apache.catalina.core.StandardService   : Starting service [Tomcat]
2024-07-16T16:41:42.364+03:00  INFO 8172 --- [public-api] [main] o.apache.catalina.core.StandardEngine    : Starting Servlet engine: [Apache Tomcat/10.1.25]
2024-07-16T16:41:42.498+03:00  INFO 8172 --- [public-api] [main] o.a.c.c.C.[Tomcat].[localhost].[/]       : Initializing Spring embedded WebApplicationContext
2024-07-16T16:41:42.499+03:00  INFO 8172 --- [public-api] [main] w.s.c.ServletWebServerApplicationContext : Root WebApplicationContext: initialization completed in 2978 ms
2024-07-16T16:41:42.869+03:00  INFO 8172 --- [public-api] [main] o.hibernate.jpa.internal.util.LogHelper  : HHH000204: Processing PersistenceUnitInfo [name: default]
2024-07-16T16:41:43.028+03:00  INFO 8172 --- [public-api] [main] org.hibernate.Version                    : HHH000412: Hibernate ORM core version 6.5.2.Final
2024-07-16T16:41:43.101+03:00  INFO 8172 --- [public-api] [main] o.h.c.internal.RegionFactoryInitiator    : HHH000026: Second-level cache disabled
2024-07-16T16:41:43.864+03:00  INFO 8172 --- [public-api] [main] o.s.o.j.p.SpringPersistenceUnitInfo      : No LoadTimeWeaver setup: ignoring JPA class transformer
2024-07-16T16:41:43.913+03:00  INFO 8172 --- [public-api] [main] com.zaxxer.hikari.HikariDataSource       : HikariPool-1 - Starting...
2024-07-16T16:41:44.281+03:00  INFO 8172 --- [public-api] [main] com.zaxxer.hikari.pool.HikariPool        : HikariPool-1 - Added connection org.postgresql.jdbc.PgConnection@37d3aa8c
2024-07-16T16:41:44.285+03:00  INFO 8172 --- [public-api] [main] com.zaxxer.hikari.HikariDataSource       : HikariPool-1 - Start completed.
2024-07-16T16:41:46.061+03:00  INFO 8172 --- [public-api] [main] o.h.e.t.j.p.i.JtaPlatformInitiator       : HHH000489: No JTA platform available (set 'hibernate.transaction.jta.platform' to enable JTA platform integration)
2024-07-16T16:41:46.296+03:00  INFO 8172 --- [public-api] [main] j.LocalContainerEntityManagerFactoryBean : Initialized JPA EntityManagerFactory for persistence unit 'default'
2024-07-16T16:41:47.496+03:00  INFO 8172 --- [public-api] [main] o.s.b.w.embedded.tomcat.TomcatWebServer  : Tomcat started on port 8080 (http) with context path '/'
2024-07-16T16:41:47.528+03:00  WARN 8172 --- [public-api] [main] JpaBaseConfiguration$JpaWebConfiguration : spring.jpa.open-in-view is enabled by default. Therefore, database queries may be performed during view rendering. Explicitly configure spring.jpa.open-in-view to disable this warning
2024-07-16T16:41:48.274+03:00  INFO 8172 --- [public-api] [main] b.i.d.publicapi.PublicApiApplication     : Started PublicApiApplication in 9.843 seconds (process running for 10.551)
2024-07-16T16:41:58.016+03:00  INFO 8172 --- [public-api] [http-nio-8080-exec-2] o.a.c.c.C.[Tomcat].[localhost].[/]       : Initializing Spring DispatcherServlet 'dispatcherServlet'
2024-07-16T16:41:58.016+03:00  INFO 8172 --- [public-api] [http-nio-8080-exec-2] o.s.web.servlet.DispatcherServlet        : Initializing Servlet 'dispatcherServlet'
2024-07-16T16:41:58.286+03:00  INFO 8172 --- [public-api] [http-nio-8080-exec-2] o.s.web.servlet.DispatcherServlet        : Completed initialization in 269 ms
2024-07-16T16:42:14.810+03:00  INFO 8172 --- [public-api] [SpringApplicationShutdownHook] j.LocalContainerEntityManagerFactoryBean : Closing JPA EntityManagerFactory for persistence unit 'default'
2024-07-16T16:42:14.813+03:00  INFO 8172 --- [public-api] [SpringApplicationShutdownHook] com.zaxxer.hikari.HikariDataSource       : HikariPool-1 - Shutdown initiated...
2024-07-16T16:42:14.821+03:00  INFO 8172 --- [public-api] [SpringApplicationShutdownHook] com.zaxxer.hikari.HikariDataSource       : HikariPool-1 - Shutdown completed.
